<?xml version="1.0" encoding="UTF-8"?>
<testng-results total="2" passed="2" failed="0" skipped="0">
  <reporter-output>
  </reporter-output>
  <suite started-at="2024-04-14T09:17:07Z" name="OrangeHRm Test Suite" finished-at="2024-04-14T09:17:49Z" duration-ms="41887">
    <groups>
      <group name="cucumber">
        <method signature="AbstractTestNGCucumberTests.feature(cucumber.api.testng.CucumberFeatureWrapper)[pri:0, instance:testRunner.AdminLoginTest@f2ff811]" name="feature" class="cucumber.api.testng.AbstractTestNGCucumberTests"/>
        <method signature="AbstractTestNGCucumberTests.feature(cucumber.api.testng.CucumberFeatureWrapper)[pri:0, instance:testRunner.EmployeeRegTest@5939a379]" name="feature" class="cucumber.api.testng.AbstractTestNGCucumberTests"/>
      </group> <!-- cucumber -->
    </groups>
    <test started-at="2024-04-14T09:17:07Z" name="Admin Login Testcase" finished-at="2024-04-14T09:17:36Z" duration-ms="29421">
      <class name="testRunner.AdminLoginTest">
        <test-method is-config="true" signature="setUpClass()[pri:0, instance:testRunner.AdminLoginTest@f2ff811]" started-at="2024-04-14T14:47:07Z" name="setUpClass" finished-at="2024-04-14T14:47:07Z" duration-ms="246" status="PASS">
          <reporter-output>
          </reporter-output>
        </test-method> <!-- setUpClass -->
        <test-method signature="feature(cucumber.api.testng.CucumberFeatureWrapper)[pri:0, instance:testRunner.AdminLoginTest@f2ff811]" started-at="2024-04-14T14:47:07Z" name="feature" description="Runs Cucumber Feature" data-provider="features" finished-at="2024-04-14T14:47:36Z" duration-ms="28626" status="PASS">
          <params>
            <param index="0">
              <value>
                <![CDATA[Admin Login]]>
              </value>
            </param>
          </params>
          <reporter-output>
          </reporter-output>
        </test-method> <!-- feature -->
        <test-method is-config="true" signature="tearDownClass()[pri:0, instance:testRunner.AdminLoginTest@f2ff811]" started-at="2024-04-14T14:47:36Z" name="tearDownClass" finished-at="2024-04-14T14:47:36Z" duration-ms="423" status="PASS">
          <reporter-output>
          </reporter-output>
        </test-method> <!-- tearDownClass -->
      </class> <!-- testRunner.AdminLoginTest -->
    </test> <!-- Admin Login Testcase -->
    <test started-at="2024-04-14T09:17:36Z" name="Employee registration Testcase" finished-at="2024-04-14T09:17:49Z" duration-ms="12438">
      <class name="testRunner.EmployeeRegTest">
        <test-method is-config="true" signature="setUpClass()[pri:0, instance:testRunner.EmployeeRegTest@5939a379]" started-at="2024-04-14T14:47:36Z" name="setUpClass" finished-at="2024-04-14T14:47:36Z" duration-ms="22" status="PASS">
          <reporter-output>
          </reporter-output>
        </test-method> <!-- setUpClass -->
        <test-method signature="feature(cucumber.api.testng.CucumberFeatureWrapper)[pri:0, instance:testRunner.EmployeeRegTest@5939a379]" started-at="2024-04-14T14:47:36Z" name="feature" description="Runs Cucumber Feature" data-provider="features" finished-at="2024-04-14T14:47:49Z" duration-ms="12305" status="PASS">
          <params>
            <param index="0">
              <value>
                <![CDATA[Employee Registration Test]]>
              </value>
            </param>
          </params>
          <reporter-output>
          </reporter-output>
        </test-method> <!-- feature -->
        <test-method is-config="true" signature="tearDownClass()[pri:0, instance:testRunner.EmployeeRegTest@5939a379]" started-at="2024-04-14T14:47:49Z" name="tearDownClass" finished-at="2024-04-14T14:47:49Z" duration-ms="100" status="PASS">
          <reporter-output>
          </reporter-output>
        </test-method> <!-- tearDownClass -->
      </class> <!-- testRunner.EmployeeRegTest -->
    </test> <!-- Employee registration Testcase -->
  </suite> <!-- OrangeHRm Test Suite -->
</testng-results>
